<?xml version="1.0" encoding="UTF-8"?>
<Site BuildName="(empty)"
	BuildStamp="20240701-1640-Experimental"
	Name="alex-Standard-PC-i440FX-PIIX-1996"
	Generator="ctest-3.22.1"
	CompilerName="/usr/bin/c++"
	CompilerVersion="11.4.0"
	OSName="Linux"
	Hostname="alex-Standard-PC-i440FX-PIIX-1996"
	OSRelease="6.5.0-41-generic"
	OSVersion="#41~22.04.2-Ubuntu SMP PREEMPT_DYNAMIC Mon Jun  3 11:32:55 UTC 2"
	OSPlatform="x86_64"
	Is64Bits="1"
	VendorString="GenuineIntel"
	VendorID="Intel Corporation"
	FamilyID="15"
	ModelID="107"
	ProcessorCacheSize="16384"
	NumberOfLogicalCPU="4"
	NumberOfPhysicalCPU="4"
	TotalVirtualMemory="2047"
	TotalPhysicalMemory="7932"
	LogicalProcessorsPerPhysical="1"
	ProcessorClockFrequency="3187.2"
	>
	<Testing>
		<StartDateTime>Jul 01 13:10 EDT</StartDateTime>
		<StartTestTime>1719853852</StartTestTime>
		<TestList/>
		<EndDateTime>Jul 01 13:10 EDT</EndDateTime>
		<EndTestTime>1719853852</EndTestTime>
		<ElapsedMinutes>0</ElapsedMinutes>
	</Testing>
</Site>
